[     525ms] [INFO] %cDownload the React DevTools for a better development experience: https://react.dev/link/react-devtools font-weight:bold @ http://localhost:3000/bundle.js:75427
[    1015ms] [LOG] Note time: 40, currentTime: 0, until: 40, visible: 900 @ http://localhost:3000/bundle.js:260
[    1016ms] [LOG] Note time: 40, currentTime: 0, until: 40, visible: 900 @ http://localhost:3000/bundle.js:260
[    1016ms] [LOG] Note time: 40, currentTime: 0, until: 40, visible: 900 @ http://localhost:3000/bundle.js:260
[    1017ms] [LOG] Note time: 1240, currentTime: 0, until: 1240, visible: 900 @ http://localhost:3000/bundle.js:260
[    1017ms] [LOG] Note time: 1840, currentTime: 0, until: 1840, visible: 900 @ http://localhost:3000/bundle.js:260
[    1018ms] [LOG] Note time: 2440, currentTime: 0, until: 2440, visible: 900 @ http://localhost:3000/bundle.js:260
[    1018ms] [LOG] Note time: 3640, currentTime: 0, until: 3640, visible: 900 @ http://localhost:3000/bundle.js:260
[    1018ms] [LOG] Note time: 3640, currentTime: 0, until: 3640, visible: 900 @ http://localhost:3000/bundle.js:260
[    1019ms] [LOG] Note time: 3790, currentTime: 0, until: 3790, visible: 900 @ http://localhost:3000/bundle.js:260
[    1019ms] [LOG] Note time: 3940, currentTime: 0, until: 3940, visible: 900 @ http://localhost:3000/bundle.js:260
[    1019ms] [LOG] Note time: 4090, currentTime: 0, until: 4090, visible: 900 @ http://localhost:3000/bundle.js:260
[    1019ms] [LOG] Note time: 4090, currentTime: 0, until: 4090, visible: 900 @ http://localhost:3000/bundle.js:260
[    1019ms] [LOG] Note time: 4240, currentTime: 0, until: 4240, visible: 900 @ http://localhost:3000/bundle.js:260
[    1020ms] [LOG] Note time: 4390, currentTime: 0, until: 4390, visible: 900 @ http://localhost:3000/bundle.js:260
[    1020ms] [LOG] Note time: 4540, currentTime: 0, until: 4540, visible: 900 @ http://localhost:3000/bundle.js:260
[    1020ms] [LOG] Note time: 4540, currentTime: 0, until: 4540, visible: 900 @ http://localhost:3000/bundle.js:260
[    1020ms] [LOG] Note time: 4690, currentTime: 0, until: 4690, visible: 900 @ http://localhost:3000/bundle.js:260
[    1020ms] [LOG] Note time: 4690, currentTime: 0, until: 4690, visible: 900 @ http://localhost:3000/bundle.js:260
[    1020ms] [LOG] Note time: 4840, currentTime: 0, until: 4840, visible: 900 @ http://localhost:3000/bundle.js:260
[    1021ms] [LOG] Note time: 4840, currentTime: 0, until: 4840, visible: 900 @ http://localhost:3000/bundle.js:260
[    1021ms] [LOG] Note time: 4990, currentTime: 0, until: 4990, visible: 900 @ http://localhost:3000/bundle.js:260
[    1079ms] [LOG] ReplayCursor START, frames: 10366 @ http://localhost:3000/bundle.js:1074
[    1081ms] [LOG] ReplayCursor first 10 times: [-1976, -1943, -1924, -1906, -1886, -1866, -1848, -1830, -1813, -1795] @ http://localhost:3000/bundle.js:1035
[    1083ms] [LOG] Key intervals found: 1728 @ http://localhost:3000/bundle.js:1076
[    1083ms] [LOG] ReplayCursor first 10 times: [-1976, -1943, -1924, -1906, -1886, -1866, -1848, -1830, -1813, -1795] @ http://localhost:3000/bundle.js:1035
[    1087ms] [LOG] First 10 replay times: [-1976, -1943, -1924, -1906, -1886, -1866, -1848, -1830, -1813, -1795] @ http://localhost:3000/bundle.js:1816
[    1175ms] [LOG] === Judgment Stats (v2) === @ http://localhost:3000/bundle.js:1960
[    1175ms] [LOG] Perfect: 1055x320 @ http://localhost:3000/bundle.js:1961
[    1175ms] [LOG] Great: 1042x300 @ http://localhost:3000/bundle.js:1962
[    1175ms] [LOG] Good: 336x200 @ http://localhost:3000/bundle.js:1963
[    1175ms] [LOG] Ok: 47x100 @ http://localhost:3000/bundle.js:1964
[    1175ms] [LOG] Meh: 14x50 @ http://localhost:3000/bundle.js:1965
[    1175ms] [LOG] Miss: 21xMiss @ http://localhost:3000/bundle.js:1966
[    1175ms] [LOG] Total: 722800 @ http://localhost:3000/bundle.js:1967
[    1178ms] [ERROR] Each child in a list should have a unique "key" prop.%s%s See https://react.dev/link/warning-keys for more information. 

Check the render method of `div`.  It was passed a child from ManiaStageLayer. @ http://localhost:3000/bundle.js:39235
[    1506ms] [LOG] Note time: 40, currentTime: 0, until: 40, visible: 900 @ http://localhost:3000/bundle.js:260
[    1508ms] [LOG] Note time: 40, currentTime: 0, until: 40, visible: 900 @ http://localhost:3000/bundle.js:260
[    1508ms] [LOG] Note time: 40, currentTime: 0, until: 40, visible: 900 @ http://localhost:3000/bundle.js:260
[    1509ms] [LOG] Note time: 1240, currentTime: 0, until: 1240, visible: 900 @ http://localhost:3000/bundle.js:260
[    1509ms] [LOG] Note time: 1840, currentTime: 0, until: 1840, visible: 900 @ http://localhost:3000/bundle.js:260
[    1509ms] [LOG] Note time: 2440, currentTime: 0, until: 2440, visible: 900 @ http://localhost:3000/bundle.js:260
[    1509ms] [LOG] Note time: 3640, currentTime: 0, until: 3640, visible: 900 @ http://localhost:3000/bundle.js:260
[    1510ms] [LOG] Note time: 3640, currentTime: 0, until: 3640, visible: 900 @ http://localhost:3000/bundle.js:260
[    1510ms] [LOG] Note time: 3790, currentTime: 0, until: 3790, visible: 900 @ http://localhost:3000/bundle.js:260
[    1510ms] [LOG] Note time: 3940, currentTime: 0, until: 3940, visible: 900 @ http://localhost:3000/bundle.js:260
[    1510ms] [LOG] Note time: 4090, currentTime: 0, until: 4090, visible: 900 @ http://localhost:3000/bundle.js:260
[    1510ms] [LOG] Note time: 4090, currentTime: 0, until: 4090, visible: 900 @ http://localhost:3000/bundle.js:260
[    1510ms] [LOG] Note time: 4240, currentTime: 0, until: 4240, visible: 900 @ http://localhost:3000/bundle.js:260
[    1511ms] [LOG] Note time: 4390, currentTime: 0, until: 4390, visible: 900 @ http://localhost:3000/bundle.js:260
[    1511ms] [LOG] Note time: 4540, currentTime: 0, until: 4540, visible: 900 @ http://localhost:3000/bundle.js:260
[    1511ms] [LOG] Note time: 4540, currentTime: 0, until: 4540, visible: 900 @ http://localhost:3000/bundle.js:260
[    1511ms] [LOG] Note time: 4690, currentTime: 0, until: 4690, visible: 900 @ http://localhost:3000/bundle.js:260
[    1511ms] [LOG] Note time: 4690, currentTime: 0, until: 4690, visible: 900 @ http://localhost:3000/bundle.js:260
[    1511ms] [LOG] Note time: 4840, currentTime: 0, until: 4840, visible: 900 @ http://localhost:3000/bundle.js:260
[    1512ms] [LOG] Note time: 4840, currentTime: 0, until: 4840, visible: 900 @ http://localhost:3000/bundle.js:260
[    1512ms] [LOG] Note time: 4990, currentTime: 0, until: 4990, visible: 900 @ http://localhost:3000/bundle.js:260
[    1532ms] [LOG] ReplayCursor START, frames: 10366 @ http://localhost:3000/bundle.js:1074
[    1533ms] [LOG] ReplayCursor first 10 times: [-1976, -1943, -1924, -1906, -1886, -1866, -1848, -1830, -1813, -1795] @ http://localhost:3000/bundle.js:1035
[    1533ms] [LOG] Key intervals found: 1728 @ http://localhost:3000/bundle.js:1076
